<?xml version="1.0" encoding="UTF-8"?>
<!-- Generated by org.testng.reporters.JUnitReportReporter -->
<testsuite skipped="0" hostname="GA-LAP" name="org.testng.Test111" tests="3" failures="0" timestamp="12 Aug 2020 07:32:21 GMT" time="0.385" errors="0">
  <testcase name="t2" time="0.098" classname="org.testng.Test111"/>
  <testcase name="t3" time="0.085" classname="org.testng.Test111"/>
  <testcase name="t1" time="0.202" classname="org.testng.Test111"/>
</testsuite> <!-- org.testng.Test111 -->
