<?xml version="1.0" encoding="UTF-8"?>
<!-- Generated by org.testng.reporters.JUnitReportReporter -->
<testsuite skipped="0" hostname="GA-LAP" name="org.testng.ssss" tests="3" failures="0" timestamp="12 Aug 2020 07:37:25 GMT" time="0.269" errors="0">
  <testcase name="t2" time="0.091" classname="org.testng.ssss"/>
  <testcase name="t3" time="0.079" classname="org.testng.ssss"/>
  <testcase name="t1" time="0.099" classname="org.testng.ssss"/>
</testsuite> <!-- org.testng.ssss -->
