<?xml version="1.0" encoding="UTF-8"?>
<!-- Generated by org.testng.reporters.JUnitReportReporter -->
<testsuite skipped="0" hostname="GA-LAP" name="org.test1.parallel.Login2" tests="1" failures="0" timestamp="15 Jul 2020 05:00:22 GMT" time="83.978" errors="0">
  <testcase name="l3" time="83.978" classname="org.test1.parallel.Login2"/>
</testsuite> <!-- org.test1.parallel.Login2 -->
