<?xml version="1.0" encoding="UTF-8"?>
<!-- Generated by org.testng.reporters.JUnitReportReporter -->
<testsuite skipped="0" hostname="GA-LAP" name="org.test1.parallel.Login1" tests="1" failures="0" timestamp="15 Jul 2020 05:00:22 GMT" time="82.112" errors="0">
  <testcase name="l2" time="82.112" classname="org.test1.parallel.Login1"/>
</testsuite> <!-- org.test1.parallel.Login1 -->
